# JRE version: 7.0_13-b20
# Java VM: Java HotSpot(TM) 64-Bit Server VM (23.7-b01 mixed mode windows-amd64 compressed oops)
Heap
 PSYoungGen      total 70848K, used 70816K [0x00000000eaab0000, 0x00000000f3510000, 0x0000000100000000)
  eden space 65408K, 100% used [0x00000000eaab0000,0x00000000eea90000,0x00000000eea90000)
  from space 5440K, 99% used [0x00000000eea90000,0x00000000eefd8028,0x00000000eefe0000)
  to   space 5440K, 99% used [0x00000000f2fc0000,0x00000000f350dd30,0x00000000f3510000)
 ParOldGen       total 87168K, used 25034K [0x00000000c0000000, 0x00000000c5520000, 0x00000000eaab0000)
  object space 87168K, 28% used [0x00000000c0000000,0x00000000c18729e0,0x00000000c5520000)
 PSPermGen       total 21248K, used 6095K [0x00000000bae00000, 0x00000000bc2c0000, 0x00000000c0000000)
  object space 21248K, 28% used [0x00000000bae00000,0x00000000bb3f3d10,0x00000000bc2c0000)
GC Heap History (7 events):
Event: 1.863 GC heap before
{Heap before GC invocations=1 (full 0):
 PSYoungGen      total 38144K, used 32704K [0x00000000eaab0000, 0x00000000ed540000, 0x0000000100000000)
  eden space 32704K, 100% used [0x00000000eaab0000,0x00000000ecaa0000,0x00000000ecaa0000)
  from space 5440K, 0% used [0x00000000ecff0000,0x00000000ecff0000,0x00000000ed540000)
  to   space 5440K, 0% used [0x00000000ecaa0000,0x00000000ecaa0000,0x00000000ecff0000)
 ParOldGen       total 87168K, used 0K [0x00000000c0000000, 0x00000000c5520000, 0x00000000eaab0000)
  object space 87168K, 0% used [0x00000000c0000000,0x00000000c0000000,0x00000000c5520000)
 PSPermGen       total 21248K, used 5850K [0x00000000bae00000, 0x00000000bc2c0000, 0x00000000c0000000)
  object space 21248K, 27% used [0x00000000bae00000,0x00000000bb3b6818,0x00000000bc2c0000)
Event: 2.012 GC heap after
Heap after GC invocations=1 (full 0):
 PSYoungGen      total 38144K, used 5319K [0x00000000eaab0000, 0x00000000ef530000, 0x0000000100000000)
  eden space 32704K, 0% used [0x00000000eaab0000,0x00000000eaab0000,0x00000000ecaa0000)
  from space 5440K, 97% used [0x00000000ecaa0000,0x00000000ecfd1ef0,0x00000000ecff0000)
  to   space 5440K, 0% used [0x00000000eefe0000,0x00000000eefe0000,0x00000000ef530000)
 ParOldGen       total 87168K, used 8K [0x00000000c0000000, 0x00000000c5520000, 0x00000000eaab0000)
  object space 87168K, 0% used [0x00000000c0000000,0x00000000c0002000,0x00000000c5520000)
 PSPermGen       total 21248K, used 5850K [0x00000000bae00000, 0x00000000bc2c0000, 0x00000000c0000000)
  object space 21248K, 27% used [0x00000000bae00000,0x00000000bb3b6818,0x00000000bc2c0000)
}
Event: 3.327 GC heap before
{Heap before GC invocations=2 (full 0):
 PSYoungGen      total 38144K, used 38023K [0x00000000eaab0000, 0x00000000ef530000, 0x0000000100000000)
  eden space 32704K, 100% used [0x00000000eaab0000,0x00000000ecaa0000,0x00000000ecaa0000)
  from space 5440K, 97% used [0x00000000ecaa0000,0x00000000ecfd1ef0,0x00000000ecff0000)
  to   space 5440K, 0% used [0x00000000eefe0000,0x00000000eefe0000,0x00000000ef530000)
 ParOldGen       total 87168K, used 8K [0x00000000c0000000, 0x00000000c5520000, 0x00000000eaab0000)
  object space 87168K, 0% used [0x00000000c0000000,0x00000000c0002000,0x00000000c5520000)
 PSPermGen       total 21248K, used 5987K [0x00000000bae00000, 0x00000000bc2c0000, 0x00000000c0000000)
  object space 21248K, 28% used [0x00000000bae00000,0x00000000bb3d8c38,0x00000000bc2c0000)
Event: 3.727 GC heap after
Heap after GC invocations=2 (full 0):
 PSYoungGen      total 70848K, used 5415K [0x00000000eaab0000, 0x00000000ef530000, 0x0000000100000000)
  eden space 65408K, 0% used [0x00000000eaab0000,0x00000000eaab0000,0x00000000eea90000)
  from space 5440K, 99% used [0x00000000eefe0000,0x00000000ef529c78,0x00000000ef530000)
  to   space 5440K, 0% used [0x00000000eea90000,0x00000000eea90000,0x00000000eefe0000)
 ParOldGen       total 87168K, used 3317K [0x00000000c0000000, 0x00000000c5520000, 0x00000000eaab0000)
  object space 87168K, 3% used [0x00000000c0000000,0x00000000c033d548,0x00000000c5520000)
 PSPermGen       total 21248K, used 5987K [0x00000000bae00000, 0x00000000bc2c0000, 0x00000000c0000000)
  object space 21248K, 28% used [0x00000000bae00000,0x00000000bb3d8c38,0x00000000bc2c0000)
}
Event: 5.274 GC heap before
{Heap before GC invocations=3 (full 0):
 PSYoungGen      total 70848K, used 70823K [0x00000000eaab0000, 0x00000000ef530000, 0x0000000100000000)
  eden space 65408K, 100% used [0x00000000eaab0000,0x00000000eea90000,0x00000000eea90000)
  from space 5440K, 99% used [0x00000000eefe0000,0x00000000ef529c78,0x00000000ef530000)
  to   space 5440K, 0% used [0x00000000eea90000,0x00000000eea90000,0x00000000eefe0000)
 ParOldGen       total 87168K, used 3317K [0x00000000c0000000, 0x00000000c5520000, 0x00000000eaab0000)
  object space 87168K, 3% used [0x00000000c0000000,0x00000000c033d548,0x00000000c5520000)
 PSPermGen       total 21248K, used 6051K [0x00000000bae00000, 0x00000000bc2c0000, 0x00000000c0000000)
  object space 21248K, 28% used [0x00000000bae00000,0x00000000bb3e8c20,0x00000000bc2c0000)
Event: 5.536 GC heap after
Heap after GC invocations=3 (full 0):
 PSYoungGen      total 70848K, used 5408K [0x00000000eaab0000, 0x00000000f3510000, 0x0000000100000000)
  eden space 65408K, 0% used [0x00000000eaab0000,0x00000000eaab0000,0x00000000eea90000)
  from space 5440K, 99% used [0x00000000eea90000,0x00000000eefd8028,0x00000000eefe0000)
  to   space 5440K, 0% used [0x00000000f2fc0000,0x00000000f2fc0000,0x00000000f3510000)
 ParOldGen       total 87168K, used 13645K [0x00000000c0000000, 0x00000000c5520000, 0x00000000eaab0000)
  object space 87168K, 15% used [0x00000000c0000000,0x00000000c0d53510,0x00000000c5520000)
 PSPermGen       total 21248K, used 6051K [0x00000000bae00000, 0x00000000bc2c0000, 0x00000000c0000000)
  object space 21248K, 28% used [0x00000000bae00000,0x00000000bb3e8c20,0x00000000bc2c0000)
}
Event: 6.044 GC heap before
{Heap before GC invocations=4 (full 0):
 PSYoungGen      total 70848K, used 70816K [0x00000000eaab0000, 0x00000000f3510000, 0x0000000100000000)
  eden space 65408K, 100% used [0x00000000eaab0000,0x00000000eea90000,0x00000000eea90000)
  from space 5440K, 99% used [0x00000000eea90000,0x00000000eefd8028,0x00000000eefe0000)
  to   space 5440K, 0% used [0x00000000f2fc0000,0x00000000f2fc0000,0x00000000f3510000)
 ParOldGen       total 87168K, used 13645K [0x00000000c0000000, 0x00000000c5520000, 0x00000000eaab0000)
  object space 87168K, 15% used [0x00000000c0000000,0x00000000c0d53510,0x00000000c5520000)
 PSPermGen       total 21248K, used 6095K [0x00000000bae00000, 0x00000000bc2c0000, 0x00000000c0000000)
  object space 21248K, 28% used [0x00000000bae00000,0x00000000bb3f3d10,0x00000000bc2c0000)

